<?xml version="1.0" encoding="UTF-8"?>
<!-- Generated by org.testng.reporters.JUnitReportReporter -->
<testsuite hostname="LAPTOP-76JOHB1V" failures="0" tests="6" name="MyTestCases" time="8.318" errors="0" timestamp="2025-07-01T01:17:53 AST" skipped="0">
  <testcase classname="MyTestCases" name="login" time="0.309"/>
  <testcase classname="MyTestCases" name="addToCart" time="2.134"/>
  <testcase classname="MyTestCases" name="removeFromCart" time="2.144"/>
  <testcase classname="MyTestCases" name="addToCartAfterTheRemove" time="2.114"/>
  <testcase classname="MyTestCases" name="CheckoutProcess" time="0.456"/>
  <testcase classname="MyTestCases" name="logout" time="1.161"/>
</testsuite> <!-- MyTestCases -->
