<?xml version="1.0" encoding="UTF-8"?>
<!-- Generated by org.testng.reporters.JUnitReportReporter -->
<testsuite hostname="LAPTOP-76JOHB1V" failures="0" tests="6" name="MyTestCases" time="8.508" errors="0" timestamp="2025-07-02T09:54:18 AST" skipped="0">
  <testcase classname="MyTestCases" name="login" time="0.391"/>
  <testcase classname="MyTestCases" name="addToCart" time="2.158"/>
  <testcase classname="MyTestCases" name="removeFromCart" time="2.137"/>
  <testcase classname="MyTestCases" name="addToCartAfterTheRemove" time="2.132"/>
  <testcase classname="MyTestCases" name="CheckoutProcess" time="0.508"/>
  <testcase classname="MyTestCases" name="logout" time="1.182"/>
</testsuite> <!-- MyTestCases -->
